  imguiHook.cpp
C:\Users\nikita\Downloads\virelex-cheat-main\minhook try\imguiHook.cpp(46,9): warning C4003: not enough arguments for function-like macro invocation '_VOID_1'
C:\Users\nikita\Downloads\virelex-cheat-main\minhook try\imguiHook.cpp(126,7): warning C4003: not enough arguments for function-like macro invocation '_VOID_2'
C:\Users\nikita\Downloads\virelex-cheat-main\minhook try\imguiHook.cpp(126,7): warning C4003: not enough arguments for function-like macro invocation '_VOID_1'
C:\Users\nikita\Downloads\virelex-cheat-main\minhook try\imguiHook.cpp(127,7): warning C4003: not enough arguments for function-like macro invocation '_VOID_1'
C:\Users\nikita\Downloads\virelex-cheat-main\minhook try\imguiHook.cpp(133,29): warning C4805: '&=': unsafe mix of type 'bool' and type 'BOOL' in operation
C:\Users\nikita\Downloads\virelex-cheat-main\minhook try\imguiHook.cpp(133,29): warning C4805: '&': unsafe mix of type 'bool' and type 'BOOL' in operation
C:\Users\nikita\Downloads\virelex-cheat-main\minhook try\imguiHook.cpp(139,29): warning C4805: '&=': unsafe mix of type 'bool' and type 'BOOL' in operation
C:\Users\nikita\Downloads\virelex-cheat-main\minhook try\imguiHook.cpp(139,29): warning C4805: '&': unsafe mix of type 'bool' and type 'BOOL' in operation
C:\Users\nikita\Downloads\virelex-cheat-main\minhook try\imguiHook.cpp(180,7): warning C4003: not enough arguments for function-like macro invocation '_VOID_1'
  imgui.cpp
  imgui_demo.cpp
  imgui_draw.cpp
  imgui_impl_win32.cpp
  imgui_tables.cpp
  imgui_widgets.cpp
  Generating Code...
  libMinHook.x64.lib(hook.obj) : MSIL .netmodule or module compiled with /GL found; restarting link with /LTCG; add /LTCG to the link command line to improve linker performance
LINK : warning LNK4075: ignoring '/INCREMENTAL' due to '/LTCG' specification
LINK : warning LNK4098: defaultlib 'LIBCMT' conflicts with use of other libs; use /NODEFAULTLIB:library
  Generating code
  Finished generating code
glew32s.lib(glew.obj) : warning LNK4099: PDB 'vc120.pdb' was not found with 'glew32s.lib(glew.obj)' or at 'C:\Users\nikita\Downloads\virelex-cheat-main\x64\Debug\vc120.pdb'; linking object as if no debug info
  minhook try.vcxproj -> C:\Users\nikita\Downloads\virelex-cheat-main\x64\Debug\minhook try.dll
  "pwsh.exe" не является внутренней или внешней
  командой, исполняемой программой или пакетным файлом.
